[rospy.client][INFO] 2025-08-19 14:45:59,551: init_node, name[/rosbridge_websocket], pid[1940]
[xmlrpc][INFO] 2025-08-19 14:45:59,552: XML-RPC server binding to 127.0.0.1:0
[xmlrpc][INFO] 2025-08-19 14:45:59,553: Started XML-RPC server [http://localhost:43745/]
[rospy.init][INFO] 2025-08-19 14:45:59,554: ROS Slave URI: [http://localhost:43745/]
[rospy.impl.masterslave][INFO] 2025-08-19 14:45:59,554: _ready: http://localhost:43745/
[rospy.registration][INFO] 2025-08-19 14:45:59,558: Registering with master node http://localhost:11311
[xmlrpc][INFO] 2025-08-19 14:45:59,559: xml rpc node: starting XML-RPC server
[rospy.init][INFO] 2025-08-19 14:45:59,654: registered with master
[rospy.rosout][INFO] 2025-08-19 14:45:59,656: initializing /rosout core topic
[rospy.rosout][INFO] 2025-08-19 14:45:59,664: connected to core topic /rosout
[rospy.simtime][INFO] 2025-08-19 14:45:59,667: /use_sim_time is not set, will not subscribe to simulated time [/clock] topic
[rosout][INFO] 2025-08-19 14:45:59,729: Rosbridge WebSocket server started at ws://0.0.0.0:9090
[rospy.internal][INFO] 2025-08-19 14:45:59,946: topic[/rosout] adding connection to [/rosout], count 0
[rosout][INFO] 2025-08-19 14:46:04,716: Client connected.  1 clients total.
[rosout][INFO] 2025-08-19 14:46:05,564: [Client 0] Subscribed to /kelpie/leg_control/joint_states
[rospy.internal][INFO] 2025-08-19 14:46:05,575: topic[/kelpie/leg_control/joint_states] adding connection to [http://localhost:38205/], count 0
[rosout][INFO] 2025-08-19 14:46:05,583: [Client 0] Subscribed to /kelpie/leg_control/currents
[rospy.internal][INFO] 2025-08-19 14:46:05,593: topic[/kelpie/leg_control/currents] adding connection to [http://localhost:36321/], count 0
[rosout][INFO] 2025-08-19 14:46:05,605: [Client 0] Subscribed to /kelpie/battery/voltage
[rospy.internal][INFO] 2025-08-19 14:46:05,618: topic[/kelpie/battery/voltage] adding connection to [http://localhost:36321/], count 0
[rosout][INFO] 2025-08-19 14:46:05,625: [Client 0] Subscribed to /kelpie/imu
[rospy.internal][INFO] 2025-08-19 14:46:05,634: topic[/kelpie/imu] adding connection to [http://localhost:36321/], count 0
[rospy.internal][INFO] 2025-08-19 14:46:31,101: topic[/kelpie/leg_control/joint_states] removing connection to http://localhost:38205/
[rospy.internal][INFO] 2025-08-19 14:46:31,156: topic[/kelpie/leg_control/joint_states] adding connection to [http://10.176.33.207:42329/], count 0
[rospy.internal][INFO] 2025-08-19 14:46:31,512: topic[/kelpie/leg_control/currents] removing connection to http://localhost:36321/
[rospy.internal][INFO] 2025-08-19 14:46:31,517: topic[/kelpie/battery/voltage] removing connection to http://localhost:36321/
[rospy.internal][INFO] 2025-08-19 14:46:31,519: topic[/kelpie/imu] removing connection to http://localhost:36321/
[rospy.internal][INFO] 2025-08-19 14:46:31,575: topic[/kelpie/leg_control/currents] adding connection to [http://10.176.33.207:34055/], count 0
[rospy.client][INFO] 2025-08-19 14:46:31,579: init_node, name[/rosbridge_websocket], pid[2040]
[xmlrpc][INFO] 2025-08-19 14:46:31,583: XML-RPC server binding to 0.0.0.0:0
[xmlrpc][INFO] 2025-08-19 14:46:31,584: Started XML-RPC server [http://10.176.33.207:37757/]
[rospy.impl.masterslave][INFO] 2025-08-19 14:46:31,586: _ready: http://10.176.33.207:37757/
[rospy.init][INFO] 2025-08-19 14:46:31,585: ROS Slave URI: [http://10.176.33.207:37757/]
[rospy.registration][INFO] 2025-08-19 14:46:31,588: Registering with master node http://localhost:11311/
[xmlrpc][INFO] 2025-08-19 14:46:31,589: xml rpc node: starting XML-RPC server
[rospy.internal][INFO] 2025-08-19 14:46:31,590: topic[/kelpie/battery/voltage] adding connection to [http://10.176.33.207:34055/], count 0
[rospy.internal][INFO] 2025-08-19 14:46:31,594: topic[/kelpie/imu] adding connection to [http://10.176.33.207:34055/], count 0
[rospy.init][INFO] 2025-08-19 14:46:31,689: registered with master
[rospy.rosout][INFO] 2025-08-19 14:46:31,690: initializing /rosout core topic
[rospy.rosout][INFO] 2025-08-19 14:46:31,700: connected to core topic /rosout
[rospy.simtime][INFO] 2025-08-19 14:46:31,704: /use_sim_time is not set, will not subscribe to simulated time [/clock] topic
[rosout][WARNING] 2025-08-19 14:46:31,761: Unable to start server: Couldn't listen on any:9090: [Errno 98] Address already in use. Retrying in 5s.
[rospy.impl.masterslave][INFO] 2025-08-19 14:46:31,797: external shutdown request from [/master]: [/rosbridge_websocket] Reason: new node registered with same name
[rospy.core][INFO] 2025-08-19 14:46:31,797: signal_shutdown [external shutdown request from [/master]: [[/rosbridge_websocket] Reason: new node registered with same name]]
[rospy.internal][INFO] 2025-08-19 14:46:31,799: topic[/rosout] removing connection to /rosout
[rospy.internal][INFO] 2025-08-19 14:46:31,806: topic[/kelpie/leg_control/joint_states] removing connection to http://10.176.33.207:42329/
[rospy.internal][INFO] 2025-08-19 14:46:31,807: topic[/kelpie/leg_control/currents] removing connection to http://10.176.33.207:34055/
[rospy.internal][INFO] 2025-08-19 14:46:31,808: topic[/kelpie/battery/voltage] removing connection to http://10.176.33.207:34055/
[rospy.internal][INFO] 2025-08-19 14:46:31,810: topic[/kelpie/imu] removing connection to http://10.176.33.207:34055/
[rospy.internal][INFO] 2025-08-19 14:46:31,810: topic[/kelpie/imu] removing connection to http://10.176.33.207:34055/
[rospy.internal][INFO] 2025-08-19 14:46:31,990: topic[/rosout] adding connection to [/rosout], count 0
[rospy.core][INFO] 2025-08-19 14:46:35,953: signal_shutdown [signal-2]
[rosout][INFO] 2025-08-19 14:46:35,955: Client disconnected. 0 clients total.
[rospy.core][INFO] 2025-08-19 14:46:35,969: signal_shutdown [atexit]
[rospy.impl.masterslave][INFO] 2025-08-19 14:46:36,005: external shutdown request from [/master]: [/rosbridge_websocket] Reason: new node registered with same name
[rospy.core][INFO] 2025-08-19 14:46:36,007: signal_shutdown [external shutdown request from [/master]: [[/rosbridge_websocket] Reason: new node registered with same name]]
[rospy.internal][INFO] 2025-08-19 14:46:36,031: topic[/rosout] removing connection to /rosout
[rospy.core][WARNING] 2025-08-19 14:46:36,770: add_shutdown_hook called after shutdown
[rosout][WARNING] 2025-08-19 14:46:36,771: Can't stop the reactor, it wasn't running
[rospy.client][INFO] 2025-08-19 14:46:47,652: init_node, name[/rosbridge_websocket], pid[2172]
[xmlrpc][INFO] 2025-08-19 14:46:47,657: XML-RPC server binding to 127.0.0.1:0
[xmlrpc][INFO] 2025-08-19 14:46:47,660: Started XML-RPC server [http://localhost:45569/]
[rospy.init][INFO] 2025-08-19 14:46:47,661: ROS Slave URI: [http://localhost:45569/]
[rospy.impl.masterslave][INFO] 2025-08-19 14:46:47,662: _ready: http://localhost:45569/
[xmlrpc][INFO] 2025-08-19 14:46:47,677: xml rpc node: starting XML-RPC server
[rospy.registration][INFO] 2025-08-19 14:46:47,678: Registering with master node http://localhost:11311
[rospy.init][INFO] 2025-08-19 14:46:47,763: registered with master
[rospy.rosout][INFO] 2025-08-19 14:46:47,763: initializing /rosout core topic
[rospy.rosout][INFO] 2025-08-19 14:46:47,769: connected to core topic /rosout
[rospy.simtime][INFO] 2025-08-19 14:46:47,772: /use_sim_time is not set, will not subscribe to simulated time [/clock] topic
[rosout][INFO] 2025-08-19 14:46:47,836: Rosbridge WebSocket server started at ws://0.0.0.0:9090
[rospy.internal][INFO] 2025-08-19 14:46:47,997: topic[/rosout] adding connection to [/rosout], count 0
[rosout][INFO] 2025-08-19 14:47:02,822: Client connected.  1 clients total.
[rosout][INFO] 2025-08-19 14:47:03,674: [Client 0] Subscribed to /kelpie/leg_control/joint_states
[rospy.internal][INFO] 2025-08-19 14:47:03,683: topic[/kelpie/leg_control/joint_states] adding connection to [http://localhost:43627/], count 0
[rosout][INFO] 2025-08-19 14:47:03,697: [Client 0] Subscribed to /kelpie/leg_control/currents
[rospy.internal][INFO] 2025-08-19 14:47:03,705: topic[/kelpie/leg_control/currents] adding connection to [http://localhost:38493/], count 0
[rosout][INFO] 2025-08-19 14:47:03,717: [Client 0] Subscribed to /kelpie/battery/voltage
[rospy.internal][INFO] 2025-08-19 14:47:03,727: topic[/kelpie/battery/voltage] adding connection to [http://localhost:38493/], count 0
[rosout][INFO] 2025-08-19 14:47:03,737: [Client 0] Subscribed to /kelpie/imu
[rospy.internal][INFO] 2025-08-19 14:47:03,746: topic[/kelpie/imu] adding connection to [http://localhost:38493/], count 0
[rospy.core][INFO] 2025-08-19 14:47:19,366: signal_shutdown [signal-2]
[rospy.internal][INFO] 2025-08-19 14:47:23,253: topic[/rosout] removing connection to /rosout
[rospy.internal][INFO] 2025-08-19 14:47:28,074: topic[/kelpie/leg_control/currents] removing connection to http://localhost:38493/
[rospy.internal][INFO] 2025-08-19 14:47:28,076: topic[/kelpie/battery/voltage] removing connection to http://localhost:38493/
[rospy.core][INFO] 2025-08-19 14:47:28,077: signal_shutdown [signal-2]
[rospy.internal][INFO] 2025-08-19 14:47:28,080: topic[/kelpie/imu] removing connection to http://localhost:38493/
[rospy.registration][WARNING] 2025-08-19 14:47:28,085: cannot unregister with master due to network issues
[rospy.internal][INFO] 2025-08-19 14:47:28,086: topic[/kelpie/leg_control/joint_states] removing connection to http://localhost:43627/
[rospy.internal][INFO] 2025-08-19 14:47:28,086: topic[/kelpie/leg_control/joint_states] removing connection to http://localhost:43627/
[rospy.impl.masterslave][INFO] 2025-08-19 14:47:28,087: signal-2
[rospy.rosout][ERROR] 2025-08-19 14:47:28,727: Unable to report rosout: [Errno 111] Connection refused
Traceback (most recent call last):
  File "/opt/ros/noetic/lib/python3/dist-packages/rospy/msproxy.py", line 165, in get_param_cached
    return rospy.impl.paramserver.get_param_server_cache().get(resolved_key)
  File "/opt/ros/noetic/lib/python3/dist-packages/rospy/impl/paramserver.py", line 177, in get
    raise KeyError(key)
KeyError: '/rosout_disable_topics_generation'

During handling of the above exception, another exception occurred:

Traceback (most recent call last):
  File "/opt/ros/noetic/lib/python3/dist-packages/rospy/impl/rosout.py", line 91, in _rosout
    disable_topics_ = rospy.get_param_cached("/rosout_disable_topics_generation", False)
  File "/opt/ros/noetic/lib/python3/dist-packages/rospy/client.py", line 491, in get_param_cached
    return _param_server.get_param_cached(param_name)
  File "/opt/ros/noetic/lib/python3/dist-packages/rospy/msproxy.py", line 168, in get_param_cached
    code, msg, value = self.target.subscribeParam(rospy.names.get_caller_id(), rospy.core.get_node_uri(), resolved_key)
  File "/usr/lib/python3.8/xmlrpc/client.py", line 1109, in __call__
    return self.__send(self.__name, args)
  File "/opt/ros/noetic/lib/python3/dist-packages/rospy/core.py", line 696, in _ServerProxy__request
    return xmlrpcclient.ServerProxy._ServerProxy__request(
  File "/usr/lib/python3.8/xmlrpc/client.py", line 1450, in __request
    response = self.__transport.request(
  File "/usr/lib/python3.8/xmlrpc/client.py", line 1153, in request
    return self.single_request(host, handler, request_body, verbose)
  File "/usr/lib/python3.8/xmlrpc/client.py", line 1165, in single_request
    http_conn = self.send_request(host, handler, request_body, verbose)
  File "/usr/lib/python3.8/xmlrpc/client.py", line 1278, in send_request
    self.send_content(connection, request_body)
  File "/usr/lib/python3.8/xmlrpc/client.py", line 1308, in send_content
    connection.endheaders(request_body)
  File "/usr/lib/python3.8/http/client.py", line 1251, in endheaders
    self._send_output(message_body, encode_chunked=encode_chunked)
  File "/usr/lib/python3.8/http/client.py", line 1011, in _send_output
    self.send(msg)
  File "/usr/lib/python3.8/http/client.py", line 951, in send
    self.connect()
  File "/usr/lib/python3.8/http/client.py", line 922, in connect
    self.sock = self._create_connection(
  File "/usr/lib/python3.8/socket.py", line 808, in create_connection
    raise err
  File "/usr/lib/python3.8/socket.py", line 796, in create_connection
    sock.connect(sa)
ConnectionRefusedError: [Errno 111] Connection refused

[rosout][INFO] 2025-08-19 14:47:28,698: Client disconnected. 0 clients total.
[rospy.core][INFO] 2025-08-19 14:47:28,737: signal_shutdown [atexit]
[rospy.core][INFO] 2025-08-19 14:47:34,402: signal_shutdown [atexit]
